  [1m[35m (237.7ms)[0m  [1m[35mCREATE DATABASE "music_app_development" ENCODING = 'unicode'[0m
  ↳ bin/rails:9
  [1m[35m (144.5ms)[0m  [1m[35mCREATE DATABASE "music_app_test" ENCODING = 'unicode'[0m
  ↳ bin/rails:9
  [1m[35m (49.0ms)[0m  [1m[35mCREATE TABLE "schema_migrations" ("version" character varying NOT NULL PRIMARY KEY)[0m
  ↳ bin/rails:9
  [1m[35m (4.5ms)[0m  [1m[35mCREATE TABLE "ar_internal_metadata" ("key" character varying NOT NULL PRIMARY KEY, "value" character varying, "created_at" timestamp NOT NULL, "updated_at" timestamp NOT NULL)[0m
  ↳ bin/rails:9
  [1m[35m (0.2ms)[0m  [1m[34mSELECT pg_try_advisory_lock(4505726345591715405)[0m
  ↳ bin/rails:9
  [1m[35m (0.6ms)[0m  [1m[34mSELECT "schema_migrations"."version" FROM "schema_migrations" ORDER BY "schema_migrations"."version" ASC[0m
  ↳ bin/rails:9
Migrating to CreateUsers (20210921142421)
  [1m[35m (0.2ms)[0m  [1m[35mBEGIN[0m
  ↳ bin/rails:9
  [1m[35m (48.6ms)[0m  [1m[35mCREATE TABLE "users" ("id" bigserial primary key, "email" character varying NOT NULL, "password_digest" character varying NOT NULL, "session_token" character varying NOT NULL, "created_at" timestamp NOT NULL, "updated_at" timestamp NOT NULL)[0m
  ↳ db/migrate/20210921142421_create_users.rb:3
  [1m[35m (2.0ms)[0m  [1m[35mCREATE UNIQUE INDEX  "index_users_on_email" ON "users"  ("email")[0m
  ↳ db/migrate/20210921142421_create_users.rb:11
  [1m[35m (1.7ms)[0m  [1m[35mCREATE UNIQUE INDEX  "index_users_on_session_token" ON "users"  ("session_token")[0m
  ↳ db/migrate/20210921142421_create_users.rb:12
  [1m[36mActiveRecord::SchemaMigration Create (0.8ms)[0m  [1m[32mINSERT INTO "schema_migrations" ("version") VALUES ($1) RETURNING "version"[0m  [["version", "20210921142421"]]
  ↳ bin/rails:9
  [1m[35m (0.5ms)[0m  [1m[35mCOMMIT[0m
  ↳ bin/rails:9
  [1m[36mActiveRecord::InternalMetadata Load (0.7ms)[0m  [1m[34mSELECT  "ar_internal_metadata".* FROM "ar_internal_metadata" WHERE "ar_internal_metadata"."key" = $1 LIMIT $2[0m  [["key", "environment"], ["LIMIT", 1]]
  ↳ bin/rails:9
  [1m[35m (0.3ms)[0m  [1m[35mBEGIN[0m
  ↳ bin/rails:9
  [1m[36mActiveRecord::InternalMetadata Create (0.7ms)[0m  [1m[32mINSERT INTO "ar_internal_metadata" ("key", "value", "created_at", "updated_at") VALUES ($1, $2, $3, $4) RETURNING "key"[0m  [["key", "environment"], ["value", "development"], ["created_at", "2021-09-21 14:34:15.307262"], ["updated_at", "2021-09-21 14:34:15.307262"]]
  ↳ bin/rails:9
  [1m[35m (0.4ms)[0m  [1m[35mCOMMIT[0m
  ↳ bin/rails:9
  [1m[35m (0.3ms)[0m  [1m[34mSELECT pg_advisory_unlock(4505726345591715405)[0m
  ↳ bin/rails:9
  [1m[35m (0.3ms)[0m  [1m[34mSELECT "schema_migrations"."version" FROM "schema_migrations" ORDER BY "schema_migrations"."version" ASC[0m
  ↳ bin/rails:9
Started GET "/" for ::1 at 2021-09-21 13:33:45 -0400
  [1m[35m (1.1ms)[0m  [1m[34mSELECT "schema_migrations"."version" FROM "schema_migrations" ORDER BY "schema_migrations"."version" ASC[0m
  ↳ /Users/macbook/.rbenv/versions/2.5.1/lib/ruby/gems/2.5.0/gems/activerecord-5.2.6/lib/active_record/log_subscriber.rb:98
Processing by Rails::WelcomeController#index as HTML
  Rendering /Users/macbook/.rbenv/versions/2.5.1/lib/ruby/gems/2.5.0/gems/railties-5.2.6/lib/rails/templates/rails/welcome/index.html.erb
  Rendered /Users/macbook/.rbenv/versions/2.5.1/lib/ruby/gems/2.5.0/gems/railties-5.2.6/lib/rails/templates/rails/welcome/index.html.erb (5.6ms)
Completed 200 OK in 36ms (Views: 21.4ms | ActiveRecord: 0.0ms)


Started GET "/session/new" for ::1 at 2021-09-21 13:34:04 -0400

SyntaxError - syntax error, unexpected end-of-input, expecting keyword_end:
  app/controllers/sessions_controller.rb:23:in `'

Started POST "/__better_errors/d59ffc16e6d54333/variables" for ::1 at 2021-09-21 13:34:04 -0400
Started GET "/session/new" for ::1 at 2021-09-21 13:34:55 -0400
Processing by SessionsController#new as HTML
Completed 500 Internal Server Error in 12ms (ActiveRecord: 0.0ms)



ActionView::MissingTemplate - Missing template sessions/new, application/new with {:locale=>[:en], :formats=>[:html], :variants=>[], :handlers=>[:raw, :erb, :html, :builder, :ruby, :coffee, :jbuilder]}. Searched in:
  * "/Users/macbook/Coding/aA-classwork/wk7/d2/music_app/app/views":
  app/controllers/sessions_controller.rb:3:in `new'

Started POST "/__better_errors/2b5ad6036d7fe176/variables" for ::1 at 2021-09-21 13:34:55 -0400
Started GET "/session/new" for ::1 at 2021-09-21 13:44:42 -0400
Processing by SessionsController#new as HTML
  Rendering sessions/new.html.erb within layouts/application
  Rendered sessions/new.html.erb within layouts/application (420.3ms)
Completed 500 Internal Server Error in 442ms (ActiveRecord: 0.0ms)



NameError - undefined local variable or method `new_user_url' for #<#<Class:0x00007fef59aace68>:0x00007fef5c030c48>
Did you mean?  new_session_url:
  app/views/sessions/new.html.erb:4:in `_app_views_sessions_new_html_erb__2749416987073138866_70333034625540'
  app/controllers/sessions_controller.rb:3:in `new'

Started POST "/__better_errors/7aa69a488643b620/variables" for ::1 at 2021-09-21 13:44:43 -0400
Started GET "/session/new" for ::1 at 2021-09-21 13:45:46 -0400
  [1m[35m (1.9ms)[0m  [1m[34mSELECT "schema_migrations"."version" FROM "schema_migrations" ORDER BY "schema_migrations"."version" ASC[0m
  ↳ /Users/macbook/.rbenv/versions/2.5.1/lib/ruby/gems/2.5.0/gems/activerecord-5.2.6/lib/active_record/log_subscriber.rb:98
Processing by SessionsController#new as HTML
  Rendering sessions/new.html.erb within layouts/application
  Rendered sessions/new.html.erb within layouts/application (343.2ms)
Completed 500 Internal Server Error in 388ms (ActiveRecord: 0.0ms)



NameError - undefined local variable or method `new_user_url' for #<#<Class:0x00007fa24c07d708>:0x00007fa24a404e28>
Did you mean?  new_session_url:
  app/views/sessions/new.html.erb:4:in `_app_views_sessions_new_html_erb___4015475069067556986_70167503615460'
  app/controllers/sessions_controller.rb:3:in `new'

Started POST "/__better_errors/7aa69a488643b620/variables" for ::1 at 2021-09-21 13:45:56 -0400
Started GET "/session/new" for ::1 at 2021-09-21 13:50:41 -0400
  [1m[35m (1.1ms)[0m  [1m[34mSELECT "schema_migrations"."version" FROM "schema_migrations" ORDER BY "schema_migrations"."version" ASC[0m
  ↳ /Users/macbook/.rbenv/versions/2.5.1/lib/ruby/gems/2.5.0/gems/activerecord-5.2.6/lib/active_record/log_subscriber.rb:98
Processing by SessionsController#new as HTML
  Rendering sessions/new.html.erb within layouts/application
  Rendered sessions/new.html.erb within layouts/application (347.5ms)
Completed 500 Internal Server Error in 369ms (ActiveRecord: 0.0ms)



NameError - undefined local variable or method `new_user_url' for #<#<Class:0x00007fd347bbc3b8>:0x00007fd349356f50>
Did you mean?  new_session_url:
  app/views/sessions/new.html.erb:4:in `_app_views_sessions_new_html_erb___2514572796344131359_70272715820700'
  app/controllers/sessions_controller.rb:3:in `new'

Started POST "/__better_errors/67c74402d9a01519/variables" for ::1 at 2021-09-21 13:50:42 -0400
Started POST "/__better_errors/67c74402d9a01519/variables" for ::1 at 2021-09-21 13:51:31 -0400
Started GET "/sessions/new" for ::1 at 2021-09-21 13:52:18 -0400
  
ActionController::RoutingError (No route matches [GET] "/sessions/new"):
  
actionpack (5.2.6) lib/action_dispatch/middleware/debug_exceptions.rb:65:in `call'
web-console (3.7.0) lib/web_console/middleware.rb:135:in `call_app'
web-console (3.7.0) lib/web_console/middleware.rb:30:in `block in call'
web-console (3.7.0) lib/web_console/middleware.rb:20:in `catch'
web-console (3.7.0) lib/web_console/middleware.rb:20:in `call'
actionpack (5.2.6) lib/action_dispatch/middleware/show_exceptions.rb:33:in `call'
railties (5.2.6) lib/rails/rack/logger.rb:38:in `call_app'
railties (5.2.6) lib/rails/rack/logger.rb:26:in `block in call'
activesupport (5.2.6) lib/active_support/tagged_logging.rb:71:in `block in tagged'
activesupport (5.2.6) lib/active_support/tagged_logging.rb:28:in `tagged'
activesupport (5.2.6) lib/active_support/tagged_logging.rb:71:in `tagged'
railties (5.2.6) lib/rails/rack/logger.rb:26:in `call'
sprockets-rails (3.2.2) lib/sprockets/rails/quiet_assets.rb:13:in `call'
actionpack (5.2.6) lib/action_dispatch/middleware/remote_ip.rb:81:in `call'
actionpack (5.2.6) lib/action_dispatch/middleware/request_id.rb:27:in `call'
rack (2.2.3) lib/rack/method_override.rb:24:in `call'
rack (2.2.3) lib/rack/runtime.rb:22:in `call'
activesupport (5.2.6) lib/active_support/cache/strategy/local_cache_middleware.rb:29:in `call'
actionpack (5.2.6) lib/action_dispatch/middleware/executor.rb:14:in `call'
actionpack (5.2.6) lib/action_dispatch/middleware/static.rb:127:in `call'
rack (2.2.3) lib/rack/sendfile.rb:110:in `call'
railties (5.2.6) lib/rails/engine.rb:524:in `call'
puma (3.12.6) lib/puma/configuration.rb:227:in `call'
puma (3.12.6) lib/puma/server.rb:706:in `handle_request'
puma (3.12.6) lib/puma/server.rb:476:in `process_client'
puma (3.12.6) lib/puma/server.rb:334:in `block in run'
puma (3.12.6) lib/puma/thread_pool.rb:135:in `block in spawn_thread'
Started POST "/__better_errors/67c74402d9a01519/variables" for ::1 at 2021-09-21 13:52:36 -0400
Started GET "/session/new" for ::1 at 2021-09-21 13:54:31 -0400
Processing by SessionsController#new as HTML
Redirected to 
Completed 500 Internal Server Error in 398ms (ActiveRecord: 0.0ms)



NoMethodError - undefined method `new_session_url_url' for #<SessionsController:0x00007fd34886b550>
Did you mean?  new_session_url:
  app/controllers/sessions_controller.rb:4:in `new'

Started POST "/__better_errors/601fc636b0c317a1/variables" for ::1 at 2021-09-21 13:54:32 -0400
Started GET "/session/new" for ::1 at 2021-09-21 13:54:53 -0400
Processing by SessionsController#new as HTML
Redirected to http://localhost:3000/session/new
Completed 302 Found in 1ms (ActiveRecord: 0.0ms)


Started GET "/session/new" for ::1 at 2021-09-21 13:54:53 -0400
Processing by SessionsController#new as HTML
Redirected to http://localhost:3000/session/new
Completed 302 Found in 1ms (ActiveRecord: 0.0ms)


Started GET "/session/new" for ::1 at 2021-09-21 13:54:53 -0400
Processing by SessionsController#new as HTML
Redirected to http://localhost:3000/session/new
Completed 302 Found in 1ms (ActiveRecord: 0.0ms)


Started GET "/session/new" for ::1 at 2021-09-21 13:54:53 -0400
Processing by SessionsController#new as HTML
Redirected to http://localhost:3000/session/new
Completed 302 Found in 1ms (ActiveRecord: 0.0ms)


Started GET "/session/new" for ::1 at 2021-09-21 13:54:53 -0400
Processing by SessionsController#new as HTML
Redirected to http://localhost:3000/session/new
Completed 302 Found in 1ms (ActiveRecord: 0.0ms)


Started GET "/session/new" for ::1 at 2021-09-21 13:54:53 -0400
Processing by SessionsController#new as HTML
Redirected to http://localhost:3000/session/new
Completed 302 Found in 1ms (ActiveRecord: 0.0ms)


Started GET "/session/new" for ::1 at 2021-09-21 13:54:53 -0400
Processing by SessionsController#new as HTML
Redirected to http://localhost:3000/session/new
Completed 302 Found in 1ms (ActiveRecord: 0.0ms)


Started GET "/session/new" for ::1 at 2021-09-21 13:54:53 -0400
Processing by SessionsController#new as HTML
Redirected to http://localhost:3000/session/new
Completed 302 Found in 1ms (ActiveRecord: 0.0ms)


Started GET "/session/new" for ::1 at 2021-09-21 13:54:53 -0400
Processing by SessionsController#new as HTML
Redirected to http://localhost:3000/session/new
Completed 302 Found in 1ms (ActiveRecord: 0.0ms)


Started GET "/session/new" for ::1 at 2021-09-21 13:54:53 -0400
Processing by SessionsController#new as HTML
Redirected to http://localhost:3000/session/new
Completed 302 Found in 1ms (ActiveRecord: 0.0ms)


Started GET "/session/new" for ::1 at 2021-09-21 13:54:53 -0400
Processing by SessionsController#new as HTML
Redirected to http://localhost:3000/session/new
Completed 302 Found in 1ms (ActiveRecord: 0.0ms)


Started GET "/session/new" for ::1 at 2021-09-21 13:54:53 -0400
Processing by SessionsController#new as HTML
Redirected to http://localhost:3000/session/new
Completed 302 Found in 1ms (ActiveRecord: 0.0ms)


Started GET "/session/new" for ::1 at 2021-09-21 13:54:53 -0400
Processing by SessionsController#new as HTML
Redirected to http://localhost:3000/session/new
Completed 302 Found in 1ms (ActiveRecord: 0.0ms)


Started GET "/session/new" for ::1 at 2021-09-21 13:54:53 -0400
Processing by SessionsController#new as HTML
Redirected to http://localhost:3000/session/new
Completed 302 Found in 1ms (ActiveRecord: 0.0ms)


Started GET "/session/new" for ::1 at 2021-09-21 13:54:53 -0400
Processing by SessionsController#new as HTML
Redirected to http://localhost:3000/session/new
Completed 302 Found in 1ms (ActiveRecord: 0.0ms)


Started GET "/session/new" for ::1 at 2021-09-21 13:54:53 -0400
Processing by SessionsController#new as HTML
Redirected to http://localhost:3000/session/new
Completed 302 Found in 1ms (ActiveRecord: 0.0ms)


Started GET "/session/new" for ::1 at 2021-09-21 13:54:53 -0400
Processing by SessionsController#new as HTML
Redirected to http://localhost:3000/session/new
Completed 302 Found in 1ms (ActiveRecord: 0.0ms)


Started GET "/session/new" for ::1 at 2021-09-21 13:54:53 -0400
Processing by SessionsController#new as HTML
Redirected to http://localhost:3000/session/new
Completed 302 Found in 1ms (ActiveRecord: 0.0ms)


Started GET "/session/new" for ::1 at 2021-09-21 13:54:53 -0400
Processing by SessionsController#new as HTML
Redirected to http://localhost:3000/session/new
Completed 302 Found in 1ms (ActiveRecord: 0.0ms)


Started GET "/session/new" for ::1 at 2021-09-21 13:54:53 -0400
Processing by SessionsController#new as HTML
Redirected to http://localhost:3000/session/new
Completed 302 Found in 1ms (ActiveRecord: 0.0ms)


Started GET "/session/new" for ::1 at 2021-09-21 13:54:54 -0400
Processing by SessionsController#new as HTML
Redirected to http://localhost:3000/session/new
Completed 302 Found in 2ms (ActiveRecord: 0.0ms)


Started GET "/session/new" for ::1 at 2021-09-21 13:54:54 -0400
Processing by SessionsController#new as HTML
Redirected to http://localhost:3000/session/new
Completed 302 Found in 1ms (ActiveRecord: 0.0ms)


Started GET "/session/new" for ::1 at 2021-09-21 13:54:54 -0400
Processing by SessionsController#new as HTML
Redirected to http://localhost:3000/session/new
Completed 302 Found in 1ms (ActiveRecord: 0.0ms)


Started GET "/session/new" for ::1 at 2021-09-21 13:54:54 -0400
Processing by SessionsController#new as HTML
Redirected to http://localhost:3000/session/new
Completed 302 Found in 1ms (ActiveRecord: 0.0ms)


Started GET "/session/new" for ::1 at 2021-09-21 13:54:54 -0400
Processing by SessionsController#new as HTML
Redirected to http://localhost:3000/session/new
Completed 302 Found in 1ms (ActiveRecord: 0.0ms)


Started GET "/session/new" for ::1 at 2021-09-21 13:54:54 -0400
Processing by SessionsController#new as HTML
Redirected to http://localhost:3000/session/new
Completed 302 Found in 1ms (ActiveRecord: 0.0ms)


Started GET "/session/new" for ::1 at 2021-09-21 13:54:54 -0400
Processing by SessionsController#new as HTML
Redirected to http://localhost:3000/session/new
Completed 302 Found in 1ms (ActiveRecord: 0.0ms)


Started GET "/session/new" for ::1 at 2021-09-21 13:54:54 -0400
Processing by SessionsController#new as HTML
Redirected to http://localhost:3000/session/new
Completed 302 Found in 1ms (ActiveRecord: 0.0ms)


Started GET "/session/new" for ::1 at 2021-09-21 13:54:54 -0400
Processing by SessionsController#new as HTML
Redirected to http://localhost:3000/session/new
Completed 302 Found in 1ms (ActiveRecord: 0.0ms)


Started GET "/session/new" for ::1 at 2021-09-21 13:54:55 -0400
Processing by SessionsController#new as HTML
Redirected to http://localhost:3000/session/new
Completed 302 Found in 1ms (ActiveRecord: 0.0ms)


Started GET "/session/new" for ::1 at 2021-09-21 13:54:55 -0400
Processing by SessionsController#new as HTML
Redirected to http://localhost:3000/session/new
Completed 302 Found in 1ms (ActiveRecord: 0.0ms)


Started GET "/session/new" for ::1 at 2021-09-21 13:54:55 -0400
Processing by SessionsController#new as HTML
Redirected to http://localhost:3000/session/new
Completed 302 Found in 1ms (ActiveRecord: 0.0ms)


Started GET "/session/new" for ::1 at 2021-09-21 13:54:55 -0400
Processing by SessionsController#new as HTML
Redirected to http://localhost:3000/session/new
Completed 302 Found in 1ms (ActiveRecord: 0.0ms)


Started GET "/session/new" for ::1 at 2021-09-21 13:54:55 -0400
Processing by SessionsController#new as HTML
Redirected to http://localhost:3000/session/new
Completed 302 Found in 1ms (ActiveRecord: 0.0ms)


Started GET "/session/new" for ::1 at 2021-09-21 13:54:55 -0400
Processing by SessionsController#new as HTML
Redirected to http://localhost:3000/session/new
Completed 302 Found in 1ms (ActiveRecord: 0.0ms)


Started GET "/session/new" for ::1 at 2021-09-21 13:54:55 -0400
Processing by SessionsController#new as HTML
Redirected to http://localhost:3000/session/new
Completed 302 Found in 1ms (ActiveRecord: 0.0ms)


Started GET "/session/new" for ::1 at 2021-09-21 13:54:55 -0400
Processing by SessionsController#new as HTML
Redirected to http://localhost:3000/session/new
Completed 302 Found in 1ms (ActiveRecord: 0.0ms)


Started GET "/session/new" for ::1 at 2021-09-21 13:54:55 -0400
Processing by SessionsController#new as HTML
Redirected to http://localhost:3000/session/new
Completed 302 Found in 1ms (ActiveRecord: 0.0ms)


Started GET "/session/new" for ::1 at 2021-09-21 13:54:55 -0400
Processing by SessionsController#new as HTML
Redirected to http://localhost:3000/session/new
Completed 302 Found in 1ms (ActiveRecord: 0.0ms)


Started GET "/session/new" for ::1 at 2021-09-21 13:54:55 -0400
Processing by SessionsController#new as HTML
Redirected to http://localhost:3000/session/new
Completed 302 Found in 1ms (ActiveRecord: 0.0ms)


Started GET "/session/new" for ::1 at 2021-09-21 13:55:00 -0400
Processing by SessionsController#new as HTML
Redirected to http://localhost:3000/session/new
Completed 302 Found in 1ms (ActiveRecord: 0.0ms)


Started GET "/session/new" for ::1 at 2021-09-21 13:55:00 -0400
Processing by SessionsController#new as HTML
Redirected to http://localhost:3000/session/new
Completed 302 Found in 1ms (ActiveRecord: 0.0ms)


Started GET "/session/new" for ::1 at 2021-09-21 13:55:00 -0400
Processing by SessionsController#new as HTML
Redirected to http://localhost:3000/session/new
Completed 302 Found in 1ms (ActiveRecord: 0.0ms)


Started GET "/session/new" for ::1 at 2021-09-21 13:55:00 -0400
Processing by SessionsController#new as HTML
Redirected to http://localhost:3000/session/new
Completed 302 Found in 1ms (ActiveRecord: 0.0ms)


Started GET "/session/new" for ::1 at 2021-09-21 13:55:00 -0400
Processing by SessionsController#new as HTML
Redirected to http://localhost:3000/session/new
Completed 302 Found in 1ms (ActiveRecord: 0.0ms)


Started GET "/session/new" for ::1 at 2021-09-21 13:55:00 -0400
Processing by SessionsController#new as HTML
Redirected to http://localhost:3000/session/new
Completed 302 Found in 1ms (ActiveRecord: 0.0ms)


Started GET "/session/new" for ::1 at 2021-09-21 13:55:00 -0400
Processing by SessionsController#new as HTML
Redirected to http://localhost:3000/session/new
Completed 302 Found in 1ms (ActiveRecord: 0.0ms)


Started GET "/session/new" for ::1 at 2021-09-21 13:55:00 -0400
Processing by SessionsController#new as HTML
Redirected to http://localhost:3000/session/new
Completed 302 Found in 1ms (ActiveRecord: 0.0ms)


Started GET "/session/new" for ::1 at 2021-09-21 13:55:00 -0400
Processing by SessionsController#new as HTML
Redirected to http://localhost:3000/session/new
Completed 302 Found in 1ms (ActiveRecord: 0.0ms)


Started GET "/session/new" for ::1 at 2021-09-21 13:55:00 -0400
Processing by SessionsController#new as HTML
Redirected to http://localhost:3000/session/new
Completed 302 Found in 1ms (ActiveRecord: 0.0ms)


Started GET "/session/new" for ::1 at 2021-09-21 13:55:00 -0400
Processing by SessionsController#new as HTML
Redirected to http://localhost:3000/session/new
Completed 302 Found in 1ms (ActiveRecord: 0.0ms)


Started GET "/session/new" for ::1 at 2021-09-21 13:55:00 -0400
Processing by SessionsController#new as HTML
Redirected to http://localhost:3000/session/new
Completed 302 Found in 1ms (ActiveRecord: 0.0ms)


Started GET "/session/new" for ::1 at 2021-09-21 13:55:00 -0400
Processing by SessionsController#new as HTML
Redirected to http://localhost:3000/session/new
Completed 302 Found in 1ms (ActiveRecord: 0.0ms)


Started GET "/session/new" for ::1 at 2021-09-21 13:55:00 -0400
Processing by SessionsController#new as HTML
Redirected to http://localhost:3000/session/new
Completed 302 Found in 1ms (ActiveRecord: 0.0ms)


Started GET "/session/new" for ::1 at 2021-09-21 13:55:00 -0400
Processing by SessionsController#new as HTML
Redirected to http://localhost:3000/session/new
Completed 302 Found in 1ms (ActiveRecord: 0.0ms)


Started GET "/session/new" for ::1 at 2021-09-21 13:55:00 -0400
Processing by SessionsController#new as HTML
Redirected to http://localhost:3000/session/new
Completed 302 Found in 1ms (ActiveRecord: 0.0ms)


Started GET "/session/new" for ::1 at 2021-09-21 13:55:00 -0400
Processing by SessionsController#new as HTML
Redirected to http://localhost:3000/session/new
Completed 302 Found in 1ms (ActiveRecord: 0.0ms)


Started GET "/session/new" for ::1 at 2021-09-21 13:55:00 -0400
Processing by SessionsController#new as HTML
Redirected to http://localhost:3000/session/new
Completed 302 Found in 1ms (ActiveRecord: 0.0ms)


Started GET "/session/new" for ::1 at 2021-09-21 13:55:00 -0400
Processing by SessionsController#new as HTML
Redirected to http://localhost:3000/session/new
Completed 302 Found in 1ms (ActiveRecord: 0.0ms)


Started GET "/session/new" for ::1 at 2021-09-21 13:55:00 -0400
Processing by SessionsController#new as HTML
Redirected to http://localhost:3000/session/new
Completed 302 Found in 1ms (ActiveRecord: 0.0ms)


Started GET "/session/new" for ::1 at 2021-09-21 13:55:30 -0400
Processing by SessionsController#new as HTML
  Rendering sessions/new.html.erb within layouts/application
  Rendered sessions/new.html.erb within layouts/application (428.9ms)
Completed 500 Internal Server Error in 444ms (ActiveRecord: 0.0ms)



NameError - undefined local variable or method `new_user_url' for #<#<Class:0x00007fd3496fa260>:0x00007fd3496f88e8>
Did you mean?  new_session_url:
  app/views/sessions/new.html.erb:4:in `_app_views_sessions_new_html_erb___2514572796344131359_70272723440960'

Started POST "/__better_errors/d256f580495ec2ac/variables" for ::1 at 2021-09-21 13:55:31 -0400
Started GET "/session/new" for ::1 at 2021-09-21 13:56:05 -0400
  [1m[35m (1.5ms)[0m  [1m[34mSELECT "schema_migrations"."version" FROM "schema_migrations" ORDER BY "schema_migrations"."version" ASC[0m
  ↳ /Users/macbook/.rbenv/versions/2.5.1/lib/ruby/gems/2.5.0/gems/activerecord-5.2.6/lib/active_record/log_subscriber.rb:98
Processing by SessionsController#new as HTML
Redirected to http://localhost:3000/session/new
Completed 302 Found in 8ms (ActiveRecord: 0.0ms)


Started GET "/session/new" for ::1 at 2021-09-21 13:56:06 -0400
Processing by SessionsController#new as HTML
Redirected to http://localhost:3000/session/new
Completed 302 Found in 1ms (ActiveRecord: 0.0ms)


Started GET "/session/new" for ::1 at 2021-09-21 13:56:06 -0400
Processing by SessionsController#new as HTML
Redirected to http://localhost:3000/session/new
Completed 302 Found in 2ms (ActiveRecord: 0.0ms)


Started GET "/session/new" for ::1 at 2021-09-21 13:56:06 -0400
Processing by SessionsController#new as HTML
Redirected to http://localhost:3000/session/new
Completed 302 Found in 1ms (ActiveRecord: 0.0ms)


Started GET "/session/new" for ::1 at 2021-09-21 13:56:06 -0400
Processing by SessionsController#new as HTML
Redirected to http://localhost:3000/session/new
Completed 302 Found in 2ms (ActiveRecord: 0.0ms)


Started GET "/session/new" for ::1 at 2021-09-21 13:56:06 -0400
Processing by SessionsController#new as HTML
Redirected to http://localhost:3000/session/new
Completed 302 Found in 1ms (ActiveRecord: 0.0ms)


Started GET "/session/new" for ::1 at 2021-09-21 13:56:06 -0400
Processing by SessionsController#new as HTML
Redirected to http://localhost:3000/session/new
Completed 302 Found in 2ms (ActiveRecord: 0.0ms)


Started GET "/session/new" for ::1 at 2021-09-21 13:56:06 -0400
Processing by SessionsController#new as HTML
Redirected to http://localhost:3000/session/new
Completed 302 Found in 1ms (ActiveRecord: 0.0ms)


Started GET "/session/new" for ::1 at 2021-09-21 13:56:06 -0400
Processing by SessionsController#new as HTML
Redirected to http://localhost:3000/session/new
Completed 302 Found in 1ms (ActiveRecord: 0.0ms)


Started GET "/session/new" for ::1 at 2021-09-21 13:56:06 -0400
Processing by SessionsController#new as HTML
Redirected to http://localhost:3000/session/new
Completed 302 Found in 1ms (ActiveRecord: 0.0ms)


Started GET "/session/new" for ::1 at 2021-09-21 13:56:06 -0400
Processing by SessionsController#new as HTML
Redirected to http://localhost:3000/session/new
Completed 302 Found in 2ms (ActiveRecord: 0.0ms)


Started GET "/session/new" for ::1 at 2021-09-21 13:56:06 -0400
Processing by SessionsController#new as HTML
Redirected to http://localhost:3000/session/new
Completed 302 Found in 1ms (ActiveRecord: 0.0ms)


Started GET "/session/new" for ::1 at 2021-09-21 13:56:06 -0400
Processing by SessionsController#new as HTML
Redirected to http://localhost:3000/session/new
Completed 302 Found in 1ms (ActiveRecord: 0.0ms)


Started GET "/session/new" for ::1 at 2021-09-21 13:56:06 -0400
Processing by SessionsController#new as HTML
Redirected to http://localhost:3000/session/new
Completed 302 Found in 1ms (ActiveRecord: 0.0ms)


Started GET "/session/new" for ::1 at 2021-09-21 13:56:06 -0400
Processing by SessionsController#new as HTML
Redirected to http://localhost:3000/session/new
Completed 302 Found in 1ms (ActiveRecord: 0.0ms)


Started GET "/session/new" for ::1 at 2021-09-21 13:56:06 -0400
Processing by SessionsController#new as HTML
Redirected to http://localhost:3000/session/new
Completed 302 Found in 2ms (ActiveRecord: 0.0ms)


Started GET "/session/new" for ::1 at 2021-09-21 13:56:06 -0400
Processing by SessionsController#new as HTML
Redirected to http://localhost:3000/session/new
Completed 302 Found in 1ms (ActiveRecord: 0.0ms)


Started GET "/session/new" for ::1 at 2021-09-21 13:56:06 -0400
Processing by SessionsController#new as HTML
Redirected to http://localhost:3000/session/new
Completed 302 Found in 1ms (ActiveRecord: 0.0ms)


Started GET "/session/new" for ::1 at 2021-09-21 13:56:06 -0400
Processing by SessionsController#new as HTML
Redirected to http://localhost:3000/session/new
Completed 302 Found in 1ms (ActiveRecord: 0.0ms)


Started GET "/session/new" for ::1 at 2021-09-21 13:56:06 -0400
Processing by SessionsController#new as HTML
Redirected to http://localhost:3000/session/new
Completed 302 Found in 1ms (ActiveRecord: 0.0ms)


Started GET "/session/new" for ::1 at 2021-09-21 13:56:07 -0400
Processing by SessionsController#new as HTML
Redirected to http://localhost:3000/session/new
Completed 302 Found in 1ms (ActiveRecord: 0.0ms)


Started GET "/session/new" for ::1 at 2021-09-21 13:56:07 -0400
Processing by SessionsController#new as HTML
Redirected to http://localhost:3000/session/new
Completed 302 Found in 1ms (ActiveRecord: 0.0ms)


Started GET "/session/new" for ::1 at 2021-09-21 13:56:07 -0400
Processing by SessionsController#new as HTML
Redirected to http://localhost:3000/session/new
Completed 302 Found in 1ms (ActiveRecord: 0.0ms)


Started GET "/session/new" for ::1 at 2021-09-21 13:56:07 -0400
Processing by SessionsController#new as HTML
Redirected to http://localhost:3000/session/new
Completed 302 Found in 1ms (ActiveRecord: 0.0ms)


Started GET "/session/new" for ::1 at 2021-09-21 13:56:07 -0400
Processing by SessionsController#new as HTML
Redirected to http://localhost:3000/session/new
Completed 302 Found in 1ms (ActiveRecord: 0.0ms)


Started GET "/session/new" for ::1 at 2021-09-21 13:56:07 -0400
Processing by SessionsController#new as HTML
Redirected to http://localhost:3000/session/new
Completed 302 Found in 1ms (ActiveRecord: 0.0ms)


Started GET "/session/new" for ::1 at 2021-09-21 13:56:07 -0400
Processing by SessionsController#new as HTML
Redirected to http://localhost:3000/session/new
Completed 302 Found in 1ms (ActiveRecord: 0.0ms)


Started GET "/session/new" for ::1 at 2021-09-21 13:56:07 -0400
Processing by SessionsController#new as HTML
Redirected to http://localhost:3000/session/new
Completed 302 Found in 1ms (ActiveRecord: 0.0ms)


Started GET "/session/new" for ::1 at 2021-09-21 13:56:07 -0400
Processing by SessionsController#new as HTML
Redirected to http://localhost:3000/session/new
Completed 302 Found in 1ms (ActiveRecord: 0.0ms)


Started GET "/session/new" for ::1 at 2021-09-21 13:56:07 -0400
Processing by SessionsController#new as HTML
Redirected to http://localhost:3000/session/new
Completed 302 Found in 1ms (ActiveRecord: 0.0ms)


Started GET "/session/new" for ::1 at 2021-09-21 13:56:07 -0400
Processing by SessionsController#new as HTML
Redirected to http://localhost:3000/session/new
Completed 302 Found in 1ms (ActiveRecord: 0.0ms)


Started GET "/session/new" for ::1 at 2021-09-21 13:56:07 -0400
Processing by SessionsController#new as HTML
Redirected to http://localhost:3000/session/new
Completed 302 Found in 1ms (ActiveRecord: 0.0ms)


Started GET "/session/new" for ::1 at 2021-09-21 13:56:07 -0400
Processing by SessionsController#new as HTML
Redirected to http://localhost:3000/session/new
Completed 302 Found in 1ms (ActiveRecord: 0.0ms)


Started GET "/session/new" for ::1 at 2021-09-21 13:56:07 -0400
Processing by SessionsController#new as HTML
Redirected to http://localhost:3000/session/new
Completed 302 Found in 1ms (ActiveRecord: 0.0ms)


Started GET "/session/new" for ::1 at 2021-09-21 13:56:07 -0400
Processing by SessionsController#new as HTML
Redirected to http://localhost:3000/session/new
Completed 302 Found in 1ms (ActiveRecord: 0.0ms)


Started GET "/session/new" for ::1 at 2021-09-21 13:56:07 -0400
Processing by SessionsController#new as HTML
Redirected to http://localhost:3000/session/new
Completed 302 Found in 1ms (ActiveRecord: 0.0ms)


Started GET "/session/new" for ::1 at 2021-09-21 13:56:07 -0400
Processing by SessionsController#new as HTML
Redirected to http://localhost:3000/session/new
Completed 302 Found in 1ms (ActiveRecord: 0.0ms)


Started GET "/session/new" for ::1 at 2021-09-21 13:56:07 -0400
Processing by SessionsController#new as HTML
Redirected to http://localhost:3000/session/new
Completed 302 Found in 1ms (ActiveRecord: 0.0ms)


Started GET "/session/new" for ::1 at 2021-09-21 13:56:07 -0400
Processing by SessionsController#new as HTML
Redirected to http://localhost:3000/session/new
Completed 302 Found in 1ms (ActiveRecord: 0.0ms)


Started GET "/session/new" for ::1 at 2021-09-21 13:56:07 -0400
Processing by SessionsController#new as HTML
Redirected to http://localhost:3000/session/new
Completed 302 Found in 1ms (ActiveRecord: 0.0ms)


Started GET "/session/new" for ::1 at 2021-09-21 13:56:12 -0400
Processing by SessionsController#new as HTML
Redirected to http://localhost:3000/session/new
Completed 302 Found in 1ms (ActiveRecord: 0.0ms)


Started GET "/session/new" for ::1 at 2021-09-21 13:56:12 -0400
Processing by SessionsController#new as HTML
Redirected to http://localhost:3000/session/new
Completed 302 Found in 1ms (ActiveRecord: 0.0ms)


Started GET "/session/new" for ::1 at 2021-09-21 13:56:12 -0400
Processing by SessionsController#new as HTML
Redirected to http://localhost:3000/session/new
Completed 302 Found in 1ms (ActiveRecord: 0.0ms)


Started GET "/session/new" for ::1 at 2021-09-21 13:56:12 -0400
Processing by SessionsController#new as HTML
Redirected to http://localhost:3000/session/new
Completed 302 Found in 1ms (ActiveRecord: 0.0ms)


Started GET "/session/new" for ::1 at 2021-09-21 13:56:12 -0400
Processing by SessionsController#new as HTML
Redirected to http://localhost:3000/session/new
Completed 302 Found in 1ms (ActiveRecord: 0.0ms)


Started GET "/session/new" for ::1 at 2021-09-21 13:56:12 -0400
Processing by SessionsController#new as HTML
Redirected to http://localhost:3000/session/new
Completed 302 Found in 1ms (ActiveRecord: 0.0ms)


Started GET "/session/new" for ::1 at 2021-09-21 13:56:12 -0400
Processing by SessionsController#new as HTML
Redirected to http://localhost:3000/session/new
Completed 302 Found in 1ms (ActiveRecord: 0.0ms)


Started GET "/session/new" for ::1 at 2021-09-21 13:56:12 -0400
Processing by SessionsController#new as HTML
Redirected to http://localhost:3000/session/new
Completed 302 Found in 1ms (ActiveRecord: 0.0ms)


Started GET "/session/new" for ::1 at 2021-09-21 13:56:12 -0400
Processing by SessionsController#new as HTML
Redirected to http://localhost:3000/session/new
Completed 302 Found in 1ms (ActiveRecord: 0.0ms)


Started GET "/session/new" for ::1 at 2021-09-21 13:56:12 -0400
Processing by SessionsController#new as HTML
Redirected to http://localhost:3000/session/new
Completed 302 Found in 1ms (ActiveRecord: 0.0ms)


Started GET "/session/new" for ::1 at 2021-09-21 13:56:12 -0400
Processing by SessionsController#new as HTML
Redirected to http://localhost:3000/session/new
Completed 302 Found in 1ms (ActiveRecord: 0.0ms)


Started GET "/session/new" for ::1 at 2021-09-21 13:56:12 -0400
Processing by SessionsController#new as HTML
Redirected to http://localhost:3000/session/new
Completed 302 Found in 1ms (ActiveRecord: 0.0ms)


Started GET "/session/new" for ::1 at 2021-09-21 13:56:12 -0400
Processing by SessionsController#new as HTML
Redirected to http://localhost:3000/session/new
Completed 302 Found in 1ms (ActiveRecord: 0.0ms)


Started GET "/session/new" for ::1 at 2021-09-21 13:56:12 -0400
Processing by SessionsController#new as HTML
Redirected to http://localhost:3000/session/new
Completed 302 Found in 1ms (ActiveRecord: 0.0ms)


Started GET "/session/new" for ::1 at 2021-09-21 13:56:12 -0400
Processing by SessionsController#new as HTML
Redirected to http://localhost:3000/session/new
Completed 302 Found in 1ms (ActiveRecord: 0.0ms)


Started GET "/session/new" for ::1 at 2021-09-21 13:56:12 -0400
Processing by SessionsController#new as HTML
Redirected to http://localhost:3000/session/new
Completed 302 Found in 2ms (ActiveRecord: 0.0ms)


Started GET "/session/new" for ::1 at 2021-09-21 13:56:12 -0400
Processing by SessionsController#new as HTML
Redirected to http://localhost:3000/session/new
Completed 302 Found in 1ms (ActiveRecord: 0.0ms)


Started GET "/session/new" for ::1 at 2021-09-21 13:56:12 -0400
Processing by SessionsController#new as HTML
Redirected to http://localhost:3000/session/new
Completed 302 Found in 1ms (ActiveRecord: 0.0ms)


Started GET "/session/new" for ::1 at 2021-09-21 13:56:12 -0400
Processing by SessionsController#new as HTML
Redirected to http://localhost:3000/session/new
Completed 302 Found in 1ms (ActiveRecord: 0.0ms)


Started GET "/session/new" for ::1 at 2021-09-21 13:56:12 -0400
Processing by SessionsController#new as HTML
Redirected to http://localhost:3000/session/new
Completed 302 Found in 1ms (ActiveRecord: 0.0ms)


Started GET "/session/new" for ::1 at 2021-09-21 13:56:42 -0400
Processing by SessionsController#new as HTML
  Rendering sessions/new.html.erb within layouts/application
  Rendered sessions/new.html.erb within layouts/application (312.5ms)
Completed 500 Internal Server Error in 333ms (ActiveRecord: 0.0ms)



NameError - undefined local variable or method `new_user_url' for #<#<Class:0x00007fbb6b52e3a0>:0x00007fbb6e414a98>
Did you mean?  new_session_url:
  app/views/sessions/new.html.erb:4:in `_app_views_sessions_new_html_erb___951783881084169998_70221468105840'

Started POST "/__better_errors/2a228e8ba13ad129/variables" for ::1 at 2021-09-21 13:56:43 -0400
Started GET "/session/new" for ::1 at 2021-09-21 13:56:54 -0400
Processing by SessionsController#new as HTML
  Rendering sessions/new.html.erb within layouts/application
  Rendered sessions/new.html.erb within layouts/application (643.9ms)
Completed 500 Internal Server Error in 657ms (ActiveRecord: 0.0ms)



NameError - undefined local variable or method `new_user_url' for #<#<Class:0x00007fbb6bc8c020>:0x00007fbb6dc11300>
Did you mean?  new_session_url:
  app/views/sessions/new.html.erb:4:in `_app_views_sessions_new_html_erb___951783881084169998_70221492313260'
  app/controllers/sessions_controller.rb:3:in `new'

Started POST "/__better_errors/6c5f26c97fd36cd8/variables" for ::1 at 2021-09-21 13:56:56 -0400
Started POST "/__better_errors/6c5f26c97fd36cd8/variables" for ::1 at 2021-09-21 13:56:59 -0400
Started GET "/session/new" for ::1 at 2021-09-21 13:58:01 -0400
Processing by SessionsController#new as HTML
Completed 500 Internal Server Error in 120ms (ActiveRecord: 11.8ms)



NameError - undefined local variable or method `generate_session_token' for #<User:0x00007fbb6c8e7720>:
  app/models/user.rb:21:in `ensure_session_token'
  app/controllers/sessions_controller.rb:3:in `new'

Started POST "/__better_errors/782667ed3affde6c/variables" for ::1 at 2021-09-21 13:58:01 -0400
Started POST "/__better_errors/782667ed3affde6c/variables" for ::1 at 2021-09-21 13:58:05 -0400
Started GET "/session/new" for ::1 at 2021-09-21 14:08:26 -0400
  [1m[35m (1.2ms)[0m  [1m[34mSELECT "schema_migrations"."version" FROM "schema_migrations" ORDER BY "schema_migrations"."version" ASC[0m
  ↳ /Users/macbook/.rbenv/versions/2.5.1/lib/ruby/gems/2.5.0/gems/activerecord-5.2.6/lib/active_record/log_subscriber.rb:98
Processing by SessionsController#new as HTML
Completed 500 Internal Server Error in 61ms (ActiveRecord: 9.7ms)



NameError - undefined local variable or method `generate_session_token' for #<User:0x00007fafd04f22e8>:
  app/models/user.rb:22:in `ensure_session_token'
  app/controllers/sessions_controller.rb:3:in `new'

Started POST "/__better_errors/7e12259a32027e52/variables" for ::1 at 2021-09-21 14:08:26 -0400
Started POST "/__better_errors/7e12259a32027e52/variables" for ::1 at 2021-09-21 14:12:07 -0400
Started GET "/session/new" for ::1 at 2021-09-21 14:13:14 -0400
  [1m[35m (1.1ms)[0m  [1m[34mSELECT "schema_migrations"."version" FROM "schema_migrations" ORDER BY "schema_migrations"."version" ASC[0m
  ↳ /Users/macbook/.rbenv/versions/2.5.1/lib/ruby/gems/2.5.0/gems/activerecord-5.2.6/lib/active_record/log_subscriber.rb:98
Processing by SessionsController#new as HTML
  Rendering sessions/new.html.erb within layouts/application
  Rendered sessions/new.html.erb within layouts/application (348.4ms)
Completed 500 Internal Server Error in 394ms (ActiveRecord: 9.9ms)



NameError - undefined local variable or method `new_user_url' for #<#<Class:0x00007fa375afea68>:0x00007fa375af5170>
Did you mean?  new_session_url:
  app/views/sessions/new.html.erb:4:in `_app_views_sessions_new_html_erb__205510607814256161_70170003734780'
  app/controllers/sessions_controller.rb:4:in `new'

Started POST "/__better_errors/5c2682f42cdf1610/variables" for ::1 at 2021-09-21 14:13:15 -0400
Started POST "/__better_errors/5c2682f42cdf1610/variables" for ::1 at 2021-09-21 14:13:49 -0400
Started GET "/session/new" for ::1 at 2021-09-21 14:16:58 -0400
Processing by SessionsController#new as HTML
  Rendering sessions/new.html.erb within layouts/application
  Rendered sessions/new.html.erb within layouts/application (609.4ms)
Completed 500 Internal Server Error in 623ms (ActiveRecord: 0.0ms)



NameError - undefined local variable or method `new_user_url' for #<#<Class:0x00007fa375afea68>:0x00007fa374ce4388>
Did you mean?  new_session_url:
  app/views/sessions/new.html.erb:4:in `_app_views_sessions_new_html_erb__205510607814256161_70170008023620'
  app/controllers/sessions_controller.rb:4:in `new'

Started POST "/__better_errors/1315d95e2587b4a7/variables" for ::1 at 2021-09-21 14:16:59 -0400
Started GET "/session/new" for ::1 at 2021-09-21 14:17:30 -0400
Processing by SessionsController#new as HTML
  Rendering sessions/new.html.erb within layouts/application
  Rendered sessions/new.html.erb within layouts/application (602.0ms)
Completed 500 Internal Server Error in 617ms (ActiveRecord: 0.0ms)



NameError - undefined local variable or method `new_user_url' for #<#<Class:0x00007fa375afea68>:0x00007fa375b1f150>
Did you mean?  new_session_url:
  app/views/sessions/new.html.erb:4:in `_app_views_sessions_new_html_erb__205510607814256161_70170015491980'
  app/controllers/sessions_controller.rb:4:in `new'

Started POST "/__better_errors/215b50c5b46ed0f6/variables" for ::1 at 2021-09-21 14:17:32 -0400
Started GET "/session/new" for ::1 at 2021-09-21 14:18:56 -0400
Processing by SessionsController#new as HTML
  Rendering sessions/new.html.erb within layouts/application
  Rendered sessions/new.html.erb within layouts/application (650.4ms)
Completed 500 Internal Server Error in 667ms (ActiveRecord: 0.0ms)



NameError - undefined local variable or method `new_user_url' for #<#<Class:0x00007fa375afea68>:0x00007fa378093df0>
Did you mean?  new_session_url:
  app/views/sessions/new.html.erb:4:in `_app_views_sessions_new_html_erb__205510607814256161_70170035131740'
  app/controllers/sessions_controller.rb:4:in `new'

Started POST "/__better_errors/47b5a0b2ee41190c/variables" for ::1 at 2021-09-21 14:18:58 -0400
Started GET "/session/new" for ::1 at 2021-09-21 14:19:40 -0400
Processing by SessionsController#new as HTML
  Rendering sessions/new.html.erb within layouts/application
  Rendered sessions/new.html.erb within layouts/application (1.7ms)
Completed 500 Internal Server Error in 26ms (ActiveRecord: 0.0ms)



SyntaxError - syntax error, unexpected keyword_end
...eze;@output_buffer.append=( end );@output_buffer.safe_append...
...                            ^~~
/Users/macbook/Coding/aA-classwork/wk7/d2/music_app/app/views/layouts/application.html.erb:34: syntax error, unexpected keyword_ensure, expecting ')'
          ensure
          ^~~~~~
/Users/macbook/Coding/aA-classwork/wk7/d2/music_app/app/views/layouts/application.html.erb:36: syntax error, unexpected keyword_end, expecting ')'
          end
          ^~~:
  app/views/layouts/application.html.erb:25:in `'
  app/controllers/sessions_controller.rb:4:in `new'

Started POST "/__better_errors/e0e8f4a0135cc532/variables" for ::1 at 2021-09-21 14:19:40 -0400
Started POST "/__better_errors/e0e8f4a0135cc532/variables" for ::1 at 2021-09-21 14:19:58 -0400
Started GET "/session/new" for ::1 at 2021-09-21 14:23:21 -0400
  [1m[35m (1.4ms)[0m  [1m[34mSELECT "schema_migrations"."version" FROM "schema_migrations" ORDER BY "schema_migrations"."version" ASC[0m
  ↳ /Users/macbook/.rbenv/versions/2.5.1/lib/ruby/gems/2.5.0/gems/activerecord-5.2.6/lib/active_record/log_subscriber.rb:98
Processing by SessionsController#new as HTML
  Rendering sessions/new.html.erb within layouts/application
  Rendered sessions/new.html.erb within layouts/application (2.1ms)
Completed 500 Internal Server Error in 56ms (ActiveRecord: 10.7ms)



SyntaxError - syntax error, unexpected keyword_end
...eze;@output_buffer.append=( end );@output_buffer.safe_append...
...                            ^~~
/Users/macbook/Coding/aA-classwork/wk7/d2/music_app/app/views/layouts/application.html.erb:34: syntax error, unexpected keyword_ensure, expecting ')'
          ensure
          ^~~~~~
/Users/macbook/Coding/aA-classwork/wk7/d2/music_app/app/views/layouts/application.html.erb:36: syntax error, unexpected keyword_end, expecting ')'
          end
          ^~~:
  app/views/layouts/application.html.erb:25:in `'
  app/controllers/sessions_controller.rb:4:in `new'

Started POST "/__better_errors/743a599572110210/variables" for ::1 at 2021-09-21 14:23:21 -0400
Started GET "/session/new" for ::1 at 2021-09-21 14:24:58 -0400
Processing by SessionsController#new as HTML
  Rendering sessions/new.html.erb within layouts/application
  Rendered sessions/new.html.erb within layouts/application (0.7ms)
Completed 500 Internal Server Error in 1132ms (ActiveRecord: 0.0ms)



NoMethodError - undefined method `logged_in?' for #<#<Class:0x00007fca58062cf8>:0x00007fca59362d80>
Did you mean?  logger?:
  app/views/layouts/application.html.erb:14:in `_app_views_layouts_application_html_erb__1314686372009333233_70253507662840'
  app/controllers/sessions_controller.rb:4:in `new'

Started POST "/__better_errors/9e404304ada139fa/variables" for ::1 at 2021-09-21 14:24:59 -0400
Started GET "/session/new" for ::1 at 2021-09-21 14:32:02 -0400
Processing by SessionsController#new as HTML
  Rendering sessions/new.html.erb within layouts/application
  Rendered sessions/new.html.erb within layouts/application (1.5ms)
Completed 500 Internal Server Error in 593ms (ActiveRecord: 0.0ms)



NoMethodError - undefined method `logged_in?' for #<#<Class:0x00007fca58062cf8>:0x00007fca56fc7ab0>
Did you mean?  logger?:
  app/views/layouts/application.html.erb:14:in `_app_views_layouts_application_html_erb__1314686372009333233_70253509746960'
  app/controllers/sessions_controller.rb:4:in `new'

Started POST "/__better_errors/39181d8df8af78f5/variables" for ::1 at 2021-09-21 14:32:03 -0400
Started GET "/session/new" for ::1 at 2021-09-21 14:35:17 -0400
  [1m[35m (1.5ms)[0m  [1m[34mSELECT "schema_migrations"."version" FROM "schema_migrations" ORDER BY "schema_migrations"."version" ASC[0m
  ↳ /Users/macbook/.rbenv/versions/2.5.1/lib/ruby/gems/2.5.0/gems/activerecord-5.2.6/lib/active_record/log_subscriber.rb:98
Processing by SessionsController#new as HTML
  Rendering sessions/new.html.erb within layouts/application
  Rendered sessions/new.html.erb within layouts/application (2.4ms)
  [1m[36mUser Load (53.6ms)[0m  [1m[34mSELECT  "users".* FROM "users" WHERE "users"."session_token" IS NULL LIMIT $1[0m  [["LIMIT", 1]]
  ↳ app/controllers/application_controller.rb:6
Completed 200 OK in 294ms (Views: 219.0ms | ActiveRecord: 60.4ms)


Started GET "/session/new" for ::1 at 2021-09-21 14:35:25 -0400
Processing by SessionsController#new as HTML
  Rendering sessions/new.html.erb within layouts/application
  Rendered sessions/new.html.erb within layouts/application (1.1ms)
  [1m[36mUser Load (0.5ms)[0m  [1m[34mSELECT  "users".* FROM "users" WHERE "users"."session_token" IS NULL LIMIT $1[0m  [["LIMIT", 1]]
  ↳ app/controllers/application_controller.rb:6
Completed 200 OK in 46ms (Views: 44.0ms | ActiveRecord: 0.5ms)


  [1m[35m (0.3ms)[0m  [1m[34mSELECT pg_try_advisory_lock(4505726345591715405)[0m
  ↳ bin/rails:9
  [1m[35m (1.4ms)[0m  [1m[34mSELECT "schema_migrations"."version" FROM "schema_migrations" ORDER BY "schema_migrations"."version" ASC[0m
  ↳ bin/rails:9
Migrating to CreateBands (20210921183923)
  [1m[35m (0.2ms)[0m  [1m[35mBEGIN[0m
  ↳ bin/rails:9
  [1m[35m (84.3ms)[0m  [1m[35mCREATE TABLE "bands" ("id" bigserial primary key, "name" character varying NOT NULL, "created_at" timestamp NOT NULL, "updated_at" timestamp NOT NULL)[0m
  ↳ db/migrate/20210921183923_create_bands.rb:3
  [1m[35m (1.9ms)[0m  [1m[35mCREATE  INDEX  "index_bands_on_name" ON "bands"  ("name")[0m
  ↳ db/migrate/20210921183923_create_bands.rb:8
  [1m[36mActiveRecord::SchemaMigration Create (0.5ms)[0m  [1m[32mINSERT INTO "schema_migrations" ("version") VALUES ($1) RETURNING "version"[0m  [["version", "20210921183923"]]
  ↳ bin/rails:9
  [1m[35m (2.4ms)[0m  [1m[35mCOMMIT[0m
  ↳ bin/rails:9
  [1m[36mActiveRecord::InternalMetadata Load (2.6ms)[0m  [1m[34mSELECT  "ar_internal_metadata".* FROM "ar_internal_metadata" WHERE "ar_internal_metadata"."key" = $1 LIMIT $2[0m  [["key", "environment"], ["LIMIT", 1]]
  ↳ bin/rails:9
  [1m[35m (0.2ms)[0m  [1m[35mBEGIN[0m
  ↳ bin/rails:9
  [1m[35m (0.1ms)[0m  [1m[35mCOMMIT[0m
  ↳ bin/rails:9
  [1m[35m (0.3ms)[0m  [1m[34mSELECT pg_advisory_unlock(4505726345591715405)[0m
  ↳ bin/rails:9
  [1m[35m (0.5ms)[0m  [1m[34mSELECT "schema_migrations"."version" FROM "schema_migrations" ORDER BY "schema_migrations"."version" ASC[0m
  ↳ bin/rails:9
  [1m[35m (1.5ms)[0m  [1m[34mSELECT "schema_migrations"."version" FROM "schema_migrations" ORDER BY "schema_migrations"."version" ASC[0m
  ↳ bin/rails:9
Started GET "/bands/new" for ::1 at 2021-09-21 15:18:54 -0400
  [1m[35m (0.9ms)[0m  [1m[34mSELECT "schema_migrations"."version" FROM "schema_migrations" ORDER BY "schema_migrations"."version" ASC[0m
  ↳ /Users/macbook/.rbenv/versions/2.5.1/lib/ruby/gems/2.5.0/gems/activerecord-5.2.6/lib/active_record/log_subscriber.rb:98
Processing by BandsController#new as HTML
Completed 500 Internal Server Error in 32ms (ActiveRecord: 0.0ms)



ArgumentError - Unknown validator: 'UniqunessValidator':
  app/models/band.rb:3:in `<class:Band>'
  app/models/band.rb:1:in `<top (required)>'
  app/controllers/bands_controller.rb:19:in `new'

Started POST "/__better_errors/525fe783fec09a04/variables" for ::1 at 2021-09-21 15:18:54 -0400
Started GET "/bands/index" for ::1 at 2021-09-21 15:19:03 -0400
Processing by BandsController#index as HTML
Completed 500 Internal Server Error in 7ms (ActiveRecord: 0.0ms)



ArgumentError - Unknown validator: 'UniqunessValidator':
  app/models/band.rb:3:in `<class:Band>'
  app/models/band.rb:1:in `<top (required)>'
  app/controllers/bands_controller.rb:3:in `index'

Started POST "/__better_errors/93e40491bcde61b6/variables" for ::1 at 2021-09-21 15:19:04 -0400
Started GET "/band/index" for ::1 at 2021-09-21 15:19:13 -0400
  
ActionController::RoutingError (No route matches [GET] "/band/index"):
  
actionpack (5.2.6) lib/action_dispatch/middleware/debug_exceptions.rb:65:in `call'
web-console (3.7.0) lib/web_console/middleware.rb:135:in `call_app'
web-console (3.7.0) lib/web_console/middleware.rb:30:in `block in call'
web-console (3.7.0) lib/web_console/middleware.rb:20:in `catch'
web-console (3.7.0) lib/web_console/middleware.rb:20:in `call'
actionpack (5.2.6) lib/action_dispatch/middleware/show_exceptions.rb:33:in `call'
railties (5.2.6) lib/rails/rack/logger.rb:38:in `call_app'
railties (5.2.6) lib/rails/rack/logger.rb:26:in `block in call'
activesupport (5.2.6) lib/active_support/tagged_logging.rb:71:in `block in tagged'
activesupport (5.2.6) lib/active_support/tagged_logging.rb:28:in `tagged'
activesupport (5.2.6) lib/active_support/tagged_logging.rb:71:in `tagged'
railties (5.2.6) lib/rails/rack/logger.rb:26:in `call'
sprockets-rails (3.2.2) lib/sprockets/rails/quiet_assets.rb:13:in `call'
actionpack (5.2.6) lib/action_dispatch/middleware/remote_ip.rb:81:in `call'
actionpack (5.2.6) lib/action_dispatch/middleware/request_id.rb:27:in `call'
rack (2.2.3) lib/rack/method_override.rb:24:in `call'
rack (2.2.3) lib/rack/runtime.rb:22:in `call'
activesupport (5.2.6) lib/active_support/cache/strategy/local_cache_middleware.rb:29:in `call'
actionpack (5.2.6) lib/action_dispatch/middleware/executor.rb:14:in `call'
actionpack (5.2.6) lib/action_dispatch/middleware/static.rb:127:in `call'
rack (2.2.3) lib/rack/sendfile.rb:110:in `call'
railties (5.2.6) lib/rails/engine.rb:524:in `call'
puma (3.12.6) lib/puma/configuration.rb:227:in `call'
puma (3.12.6) lib/puma/server.rb:706:in `handle_request'
puma (3.12.6) lib/puma/server.rb:476:in `process_client'
puma (3.12.6) lib/puma/server.rb:334:in `block in run'
puma (3.12.6) lib/puma/thread_pool.rb:135:in `block in spawn_thread'
Started GET "/bands/index" for ::1 at 2021-09-21 15:19:22 -0400
Processing by BandsController#index as HTML
Completed 500 Internal Server Error in 7ms (ActiveRecord: 0.0ms)



ArgumentError - Unknown validator: 'UniqunessValidator':
  app/models/band.rb:3:in `<class:Band>'
  app/models/band.rb:1:in `<top (required)>'
  app/controllers/bands_controller.rb:3:in `index'

Started POST "/__better_errors/2fadfeed571be4f6/variables" for ::1 at 2021-09-21 15:19:22 -0400
  [1m[35m (1.2ms)[0m  [1m[34mSELECT "schema_migrations"."version" FROM "schema_migrations" ORDER BY "schema_migrations"."version" ASC[0m
  ↳ bin/rails:9
Started POST "/__better_errors/2fadfeed571be4f6/variables" for ::1 at 2021-09-21 15:20:46 -0400
Started POST "/__better_errors/2fadfeed571be4f6/variables" for ::1 at 2021-09-21 15:20:52 -0400
Started GET "/bands/index" for ::1 at 2021-09-21 15:22:03 -0400
  [1m[35m (1.2ms)[0m  [1m[34mSELECT "schema_migrations"."version" FROM "schema_migrations" ORDER BY "schema_migrations"."version" ASC[0m
  ↳ /Users/macbook/.rbenv/versions/2.5.1/lib/ruby/gems/2.5.0/gems/activerecord-5.2.6/lib/active_record/log_subscriber.rb:98
Processing by BandsController#index as HTML
  Rendering bands/index.html.erb within layouts/application
  [1m[36mBand Load (44.5ms)[0m  [1m[34mSELECT  "bands".* FROM "bands" LIMIT $1[0m  [["LIMIT", 11]]
  ↳ app/controllers/bands_controller.rb:4
  [1m[36mCACHE Band Load (0.0ms)[0m  [1m[34mSELECT  "bands".* FROM "bands" LIMIT $1[0m  [["LIMIT", 11]]
  ↳ app/controllers/bands_controller.rb:4
  [1m[36mCACHE Band Load (0.0ms)[0m  [1m[34mSELECT  "bands".* FROM "bands" LIMIT $1[0m  [["LIMIT", 11]]
  ↳ app/controllers/bands_controller.rb:4
  [1m[36mCACHE Band Load (0.0ms)[0m  [1m[34mSELECT  "bands".* FROM "bands" LIMIT $1[0m  [["LIMIT", 11]]
  ↳ app/controllers/bands_controller.rb:4
  [1m[36mCACHE Band Load (0.0ms)[0m  [1m[34mSELECT  "bands".* FROM "bands" LIMIT $1[0m  [["LIMIT", 11]]
  ↳ app/controllers/bands_controller.rb:4
  [1m[36mCACHE Band Load (0.0ms)[0m  [1m[34mSELECT  "bands".* FROM "bands" LIMIT $1[0m  [["LIMIT", 11]]
  ↳ app/controllers/bands_controller.rb:4
  [1m[36mCACHE Band Load (0.0ms)[0m  [1m[34mSELECT  "bands".* FROM "bands" LIMIT $1[0m  [["LIMIT", 11]]
  ↳ app/controllers/bands_controller.rb:4
  [1m[36mCACHE Band Load (0.0ms)[0m  [1m[34mSELECT  "bands".* FROM "bands" LIMIT $1[0m  [["LIMIT", 11]]
  ↳ app/controllers/bands_controller.rb:4
  Rendered bands/index.html.erb within layouts/application (411.4ms)
Completed 500 Internal Server Error in 443ms (ActiveRecord: 48.2ms)


  [1m[36mCACHE Band Load (0.1ms)[0m  [1m[34mSELECT  "bands".* FROM "bands" LIMIT $1[0m  [["LIMIT", 11]]
  ↳ /Users/macbook/.rbenv/versions/2.5.1/lib/ruby/gems/2.5.0/gems/activerecord-5.2.6/lib/active_record/log_subscriber.rb:98
  [1m[36mCACHE Band Load (0.0ms)[0m  [1m[34mSELECT  "bands".* FROM "bands" LIMIT $1[0m  [["LIMIT", 11]]
  ↳ /Users/macbook/.rbenv/versions/2.5.1/lib/ruby/gems/2.5.0/gems/activerecord-5.2.6/lib/active_record/log_subscriber.rb:98
  [1m[36mCACHE Band Load (0.0ms)[0m  [1m[34mSELECT  "bands".* FROM "bands" LIMIT $1[0m  [["LIMIT", 11]]
  ↳ /Users/macbook/.rbenv/versions/2.5.1/lib/ruby/gems/2.5.0/gems/activerecord-5.2.6/lib/active_record/log_subscriber.rb:98
  [1m[36mCACHE Band Load (0.0ms)[0m  [1m[34mSELECT  "bands".* FROM "bands" LIMIT $1[0m  [["LIMIT", 11]]
  ↳ /Users/macbook/.rbenv/versions/2.5.1/lib/ruby/gems/2.5.0/gems/activerecord-5.2.6/lib/active_record/log_subscriber.rb:98
  [1m[36mCACHE Band Load (0.0ms)[0m  [1m[34mSELECT  "bands".* FROM "bands" LIMIT $1[0m  [["LIMIT", 11]]
  ↳ /Users/macbook/.rbenv/versions/2.5.1/lib/ruby/gems/2.5.0/gems/activerecord-5.2.6/lib/active_record/log_subscriber.rb:98
  [1m[36mCACHE Band Load (0.0ms)[0m  [1m[34mSELECT  "bands".* FROM "bands" LIMIT $1[0m  [["LIMIT", 11]]
  ↳ /Users/macbook/.rbenv/versions/2.5.1/lib/ruby/gems/2.5.0/gems/activerecord-5.2.6/lib/active_record/log_subscriber.rb:98
  [1m[36mCACHE Band Load (0.0ms)[0m  [1m[34mSELECT  "bands".* FROM "bands" LIMIT $1[0m  [["LIMIT", 11]]
  ↳ /Users/macbook/.rbenv/versions/2.5.1/lib/ruby/gems/2.5.0/gems/activerecord-5.2.6/lib/active_record/log_subscriber.rb:98
  [1m[36mCACHE Band Load (0.0ms)[0m  [1m[34mSELECT  "bands".* FROM "bands" LIMIT $1[0m  [["LIMIT", 11]]
  ↳ /Users/macbook/.rbenv/versions/2.5.1/lib/ruby/gems/2.5.0/gems/activerecord-5.2.6/lib/active_record/log_subscriber.rb:98

NameError - undefined local variable or method `bands_url' for #<#<Class:0x00007f869a0d0688>:0x00007f869a0f3160>
Did you mean?  bands_new_url:
  app/views/bands/index.html.erb:3:in `_app_views_bands_index_html_erb___2429663706696401089_70108061664700'
  app/controllers/bands_controller.rb:4:in `index'

Started POST "/__better_errors/78658d46f140dad3/variables" for ::1 at 2021-09-21 15:22:04 -0400
  [1m[36mBand Load (0.4ms)[0m  [1m[34mSELECT  "bands".* FROM "bands" LIMIT $1[0m  [["LIMIT", 11]]
  ↳ /Users/macbook/.rbenv/versions/2.5.1/lib/ruby/gems/2.5.0/gems/activerecord-5.2.6/lib/active_record/log_subscriber.rb:98
  [1m[36mCACHE Band Load (0.0ms)[0m  [1m[34mSELECT  "bands".* FROM "bands" LIMIT $1[0m  [["LIMIT", 11]]
  ↳ /Users/macbook/.rbenv/versions/2.5.1/lib/ruby/gems/2.5.0/gems/activerecord-5.2.6/lib/active_record/log_subscriber.rb:98
  [1m[36mCACHE Band Load (0.0ms)[0m  [1m[34mSELECT  "bands".* FROM "bands" LIMIT $1[0m  [["LIMIT", 11]]
  ↳ /Users/macbook/.rbenv/versions/2.5.1/lib/ruby/gems/2.5.0/gems/activerecord-5.2.6/lib/active_record/log_subscriber.rb:98
  [1m[36mCACHE Band Load (0.0ms)[0m  [1m[34mSELECT  "bands".* FROM "bands" LIMIT $1[0m  [["LIMIT", 11]]
  ↳ /Users/macbook/.rbenv/versions/2.5.1/lib/ruby/gems/2.5.0/gems/activerecord-5.2.6/lib/active_record/log_subscriber.rb:98
  [1m[36mCACHE Band Load (0.0ms)[0m  [1m[34mSELECT  "bands".* FROM "bands" LIMIT $1[0m  [["LIMIT", 11]]
  ↳ /Users/macbook/.rbenv/versions/2.5.1/lib/ruby/gems/2.5.0/gems/activerecord-5.2.6/lib/active_record/log_subscriber.rb:98
  [1m[36mCACHE Band Load (0.0ms)[0m  [1m[34mSELECT  "bands".* FROM "bands" LIMIT $1[0m  [["LIMIT", 11]]
  ↳ /Users/macbook/.rbenv/versions/2.5.1/lib/ruby/gems/2.5.0/gems/activerecord-5.2.6/lib/active_record/log_subscriber.rb:98
  [1m[36mCACHE Band Load (0.0ms)[0m  [1m[34mSELECT  "bands".* FROM "bands" LIMIT $1[0m  [["LIMIT", 11]]
  ↳ /Users/macbook/.rbenv/versions/2.5.1/lib/ruby/gems/2.5.0/gems/activerecord-5.2.6/lib/active_record/log_subscriber.rb:98
  [1m[36mCACHE Band Load (0.0ms)[0m  [1m[34mSELECT  "bands".* FROM "bands" LIMIT $1[0m  [["LIMIT", 11]]
  ↳ /Users/macbook/.rbenv/versions/2.5.1/lib/ruby/gems/2.5.0/gems/activerecord-5.2.6/lib/active_record/log_subscriber.rb:98
  [1m[36mCACHE Band Load (0.0ms)[0m  [1m[34mSELECT  "bands".* FROM "bands" LIMIT $1[0m  [["LIMIT", 11]]
  ↳ /Users/macbook/.rbenv/versions/2.5.1/lib/ruby/gems/2.5.0/gems/activerecord-5.2.6/lib/active_record/log_subscriber.rb:98
  [1m[36mCACHE Band Load (0.0ms)[0m  [1m[34mSELECT  "bands".* FROM "bands" LIMIT $1[0m  [["LIMIT", 11]]
  ↳ /Users/macbook/.rbenv/versions/2.5.1/lib/ruby/gems/2.5.0/gems/activerecord-5.2.6/lib/active_record/log_subscriber.rb:98
  [1m[36mCACHE Band Load (0.0ms)[0m  [1m[34mSELECT  "bands".* FROM "bands" LIMIT $1[0m  [["LIMIT", 11]]
  ↳ /Users/macbook/.rbenv/versions/2.5.1/lib/ruby/gems/2.5.0/gems/activerecord-5.2.6/lib/active_record/log_subscriber.rb:98
  [1m[36mCACHE Band Load (0.0ms)[0m  [1m[34mSELECT  "bands".* FROM "bands" LIMIT $1[0m  [["LIMIT", 11]]
  ↳ /Users/macbook/.rbenv/versions/2.5.1/lib/ruby/gems/2.5.0/gems/activerecord-5.2.6/lib/active_record/log_subscriber.rb:98
  [1m[36mCACHE Band Load (0.0ms)[0m  [1m[34mSELECT  "bands".* FROM "bands" LIMIT $1[0m  [["LIMIT", 11]]
  ↳ /Users/macbook/.rbenv/versions/2.5.1/lib/ruby/gems/2.5.0/gems/activerecord-5.2.6/lib/active_record/log_subscriber.rb:98
  [1m[36mCACHE Band Load (0.1ms)[0m  [1m[34mSELECT  "bands".* FROM "bands" LIMIT $1[0m  [["LIMIT", 11]]
  ↳ /Users/macbook/.rbenv/versions/2.5.1/lib/ruby/gems/2.5.0/gems/activerecord-5.2.6/lib/active_record/log_subscriber.rb:98
  [1m[36mCACHE Band Load (0.0ms)[0m  [1m[34mSELECT  "bands".* FROM "bands" LIMIT $1[0m  [["LIMIT", 11]]
  ↳ /Users/macbook/.rbenv/versions/2.5.1/lib/ruby/gems/2.5.0/gems/activerecord-5.2.6/lib/active_record/log_subscriber.rb:98
  [1m[36mCACHE Band Load (0.0ms)[0m  [1m[34mSELECT  "bands".* FROM "bands" LIMIT $1[0m  [["LIMIT", 11]]
  ↳ /Users/macbook/.rbenv/versions/2.5.1/lib/ruby/gems/2.5.0/gems/activerecord-5.2.6/lib/active_record/log_subscriber.rb:98
  [1m[36mCACHE Band Load (0.0ms)[0m  [1m[34mSELECT  "bands".* FROM "bands" LIMIT $1[0m  [["LIMIT", 11]]
  ↳ /Users/macbook/.rbenv/versions/2.5.1/lib/ruby/gems/2.5.0/gems/activerecord-5.2.6/lib/active_record/log_subscriber.rb:98
  [1m[36mCACHE Band Load (0.0ms)[0m  [1m[34mSELECT  "bands".* FROM "bands" LIMIT $1[0m  [["LIMIT", 11]]
  ↳ /Users/macbook/.rbenv/versions/2.5.1/lib/ruby/gems/2.5.0/gems/activerecord-5.2.6/lib/active_record/log_subscriber.rb:98
Started GET "/bands/index" for ::1 at 2021-09-21 15:24:52 -0400
  [1m[35m (1.0ms)[0m  [1m[34mSELECT "schema_migrations"."version" FROM "schema_migrations" ORDER BY "schema_migrations"."version" ASC[0m
  ↳ /Users/macbook/.rbenv/versions/2.5.1/lib/ruby/gems/2.5.0/gems/activerecord-5.2.6/lib/active_record/log_subscriber.rb:98
Processing by BandsController#index as HTML
  Rendering bands/index.html.erb within layouts/application
  [1m[36mBand Load (0.9ms)[0m  [1m[34mSELECT  "bands".* FROM "bands" LIMIT $1[0m  [["LIMIT", 11]]
  ↳ app/controllers/bands_controller.rb:4
  [1m[36mCACHE Band Load (0.0ms)[0m  [1m[34mSELECT  "bands".* FROM "bands" LIMIT $1[0m  [["LIMIT", 11]]
  ↳ app/controllers/bands_controller.rb:4
  [1m[36mCACHE Band Load (0.0ms)[0m  [1m[34mSELECT  "bands".* FROM "bands" LIMIT $1[0m  [["LIMIT", 11]]
  ↳ app/controllers/bands_controller.rb:4
  [1m[36mCACHE Band Load (0.0ms)[0m  [1m[34mSELECT  "bands".* FROM "bands" LIMIT $1[0m  [["LIMIT", 11]]
  ↳ app/controllers/bands_controller.rb:4
  [1m[36mCACHE Band Load (0.0ms)[0m  [1m[34mSELECT  "bands".* FROM "bands" LIMIT $1[0m  [["LIMIT", 11]]
  ↳ app/controllers/bands_controller.rb:4
  [1m[36mCACHE Band Load (0.0ms)[0m  [1m[34mSELECT  "bands".* FROM "bands" LIMIT $1[0m  [["LIMIT", 11]]
  ↳ app/controllers/bands_controller.rb:4
  [1m[36mCACHE Band Load (0.0ms)[0m  [1m[34mSELECT  "bands".* FROM "bands" LIMIT $1[0m  [["LIMIT", 11]]
  ↳ app/controllers/bands_controller.rb:4
  [1m[36mCACHE Band Load (0.0ms)[0m  [1m[34mSELECT  "bands".* FROM "bands" LIMIT $1[0m  [["LIMIT", 11]]
  ↳ app/controllers/bands_controller.rb:4
  Rendered bands/index.html.erb within layouts/application (343.0ms)
Completed 500 Internal Server Error in 370ms (ActiveRecord: 3.9ms)


  [1m[36mCACHE Band Load (0.0ms)[0m  [1m[34mSELECT  "bands".* FROM "bands" LIMIT $1[0m  [["LIMIT", 11]]
  ↳ /Users/macbook/.rbenv/versions/2.5.1/lib/ruby/gems/2.5.0/gems/activerecord-5.2.6/lib/active_record/log_subscriber.rb:98
  [1m[36mCACHE Band Load (0.0ms)[0m  [1m[34mSELECT  "bands".* FROM "bands" LIMIT $1[0m  [["LIMIT", 11]]
  ↳ /Users/macbook/.rbenv/versions/2.5.1/lib/ruby/gems/2.5.0/gems/activerecord-5.2.6/lib/active_record/log_subscriber.rb:98
  [1m[36mCACHE Band Load (0.0ms)[0m  [1m[34mSELECT  "bands".* FROM "bands" LIMIT $1[0m  [["LIMIT", 11]]
  ↳ /Users/macbook/.rbenv/versions/2.5.1/lib/ruby/gems/2.5.0/gems/activerecord-5.2.6/lib/active_record/log_subscriber.rb:98
  [1m[36mCACHE Band Load (0.0ms)[0m  [1m[34mSELECT  "bands".* FROM "bands" LIMIT $1[0m  [["LIMIT", 11]]
  ↳ /Users/macbook/.rbenv/versions/2.5.1/lib/ruby/gems/2.5.0/gems/activerecord-5.2.6/lib/active_record/log_subscriber.rb:98
  [1m[36mCACHE Band Load (0.0ms)[0m  [1m[34mSELECT  "bands".* FROM "bands" LIMIT $1[0m  [["LIMIT", 11]]
  ↳ /Users/macbook/.rbenv/versions/2.5.1/lib/ruby/gems/2.5.0/gems/activerecord-5.2.6/lib/active_record/log_subscriber.rb:98
  [1m[36mCACHE Band Load (0.0ms)[0m  [1m[34mSELECT  "bands".* FROM "bands" LIMIT $1[0m  [["LIMIT", 11]]
  ↳ /Users/macbook/.rbenv/versions/2.5.1/lib/ruby/gems/2.5.0/gems/activerecord-5.2.6/lib/active_record/log_subscriber.rb:98
  [1m[36mCACHE Band Load (0.0ms)[0m  [1m[34mSELECT  "bands".* FROM "bands" LIMIT $1[0m  [["LIMIT", 11]]
  ↳ /Users/macbook/.rbenv/versions/2.5.1/lib/ruby/gems/2.5.0/gems/activerecord-5.2.6/lib/active_record/log_subscriber.rb:98
  [1m[36mCACHE Band Load (0.0ms)[0m  [1m[34mSELECT  "bands".* FROM "bands" LIMIT $1[0m  [["LIMIT", 11]]
  ↳ /Users/macbook/.rbenv/versions/2.5.1/lib/ruby/gems/2.5.0/gems/activerecord-5.2.6/lib/active_record/log_subscriber.rb:98

NameError - undefined local variable or method `bands_url' for #<#<Class:0x00007fb3c1c333c8>:0x00007fb3c14d0658>
Did you mean?  bands_new_url:
  app/views/bands/index.html.erb:3:in `_app_views_bands_index_html_erb__1337632437027797331_70205009516860'
  app/controllers/bands_controller.rb:4:in `index'

Started POST "/__better_errors/a58e6f388b746c76/variables" for ::1 at 2021-09-21 15:24:53 -0400
  [1m[36mBand Load (0.5ms)[0m  [1m[34mSELECT  "bands".* FROM "bands" LIMIT $1[0m  [["LIMIT", 11]]
  ↳ /Users/macbook/.rbenv/versions/2.5.1/lib/ruby/gems/2.5.0/gems/activerecord-5.2.6/lib/active_record/log_subscriber.rb:98
  [1m[36mCACHE Band Load (0.1ms)[0m  [1m[34mSELECT  "bands".* FROM "bands" LIMIT $1[0m  [["LIMIT", 11]]
  ↳ /Users/macbook/.rbenv/versions/2.5.1/lib/ruby/gems/2.5.0/gems/activerecord-5.2.6/lib/active_record/log_subscriber.rb:98
  [1m[36mCACHE Band Load (0.0ms)[0m  [1m[34mSELECT  "bands".* FROM "bands" LIMIT $1[0m  [["LIMIT", 11]]
  ↳ /Users/macbook/.rbenv/versions/2.5.1/lib/ruby/gems/2.5.0/gems/activerecord-5.2.6/lib/active_record/log_subscriber.rb:98
  [1m[36mCACHE Band Load (0.0ms)[0m  [1m[34mSELECT  "bands".* FROM "bands" LIMIT $1[0m  [["LIMIT", 11]]
  ↳ /Users/macbook/.rbenv/versions/2.5.1/lib/ruby/gems/2.5.0/gems/activerecord-5.2.6/lib/active_record/log_subscriber.rb:98
  [1m[36mCACHE Band Load (0.0ms)[0m  [1m[34mSELECT  "bands".* FROM "bands" LIMIT $1[0m  [["LIMIT", 11]]
  ↳ /Users/macbook/.rbenv/versions/2.5.1/lib/ruby/gems/2.5.0/gems/activerecord-5.2.6/lib/active_record/log_subscriber.rb:98
  [1m[36mCACHE Band Load (0.0ms)[0m  [1m[34mSELECT  "bands".* FROM "bands" LIMIT $1[0m  [["LIMIT", 11]]
  ↳ /Users/macbook/.rbenv/versions/2.5.1/lib/ruby/gems/2.5.0/gems/activerecord-5.2.6/lib/active_record/log_subscriber.rb:98
  [1m[36mCACHE Band Load (0.0ms)[0m  [1m[34mSELECT  "bands".* FROM "bands" LIMIT $1[0m  [["LIMIT", 11]]
  ↳ /Users/macbook/.rbenv/versions/2.5.1/lib/ruby/gems/2.5.0/gems/activerecord-5.2.6/lib/active_record/log_subscriber.rb:98
  [1m[36mCACHE Band Load (0.0ms)[0m  [1m[34mSELECT  "bands".* FROM "bands" LIMIT $1[0m  [["LIMIT", 11]]
  ↳ /Users/macbook/.rbenv/versions/2.5.1/lib/ruby/gems/2.5.0/gems/activerecord-5.2.6/lib/active_record/log_subscriber.rb:98
  [1m[36mCACHE Band Load (0.0ms)[0m  [1m[34mSELECT  "bands".* FROM "bands" LIMIT $1[0m  [["LIMIT", 11]]
  ↳ /Users/macbook/.rbenv/versions/2.5.1/lib/ruby/gems/2.5.0/gems/activerecord-5.2.6/lib/active_record/log_subscriber.rb:98
  [1m[36mCACHE Band Load (0.0ms)[0m  [1m[34mSELECT  "bands".* FROM "bands" LIMIT $1[0m  [["LIMIT", 11]]
  ↳ /Users/macbook/.rbenv/versions/2.5.1/lib/ruby/gems/2.5.0/gems/activerecord-5.2.6/lib/active_record/log_subscriber.rb:98
  [1m[36mCACHE Band Load (0.0ms)[0m  [1m[34mSELECT  "bands".* FROM "bands" LIMIT $1[0m  [["LIMIT", 11]]
  ↳ /Users/macbook/.rbenv/versions/2.5.1/lib/ruby/gems/2.5.0/gems/activerecord-5.2.6/lib/active_record/log_subscriber.rb:98
  [1m[36mCACHE Band Load (0.0ms)[0m  [1m[34mSELECT  "bands".* FROM "bands" LIMIT $1[0m  [["LIMIT", 11]]
  ↳ /Users/macbook/.rbenv/versions/2.5.1/lib/ruby/gems/2.5.0/gems/activerecord-5.2.6/lib/active_record/log_subscriber.rb:98
  [1m[36mCACHE Band Load (0.0ms)[0m  [1m[34mSELECT  "bands".* FROM "bands" LIMIT $1[0m  [["LIMIT", 11]]
  ↳ /Users/macbook/.rbenv/versions/2.5.1/lib/ruby/gems/2.5.0/gems/activerecord-5.2.6/lib/active_record/log_subscriber.rb:98
  [1m[36mCACHE Band Load (0.0ms)[0m  [1m[34mSELECT  "bands".* FROM "bands" LIMIT $1[0m  [["LIMIT", 11]]
  ↳ /Users/macbook/.rbenv/versions/2.5.1/lib/ruby/gems/2.5.0/gems/activerecord-5.2.6/lib/active_record/log_subscriber.rb:98
  [1m[36mCACHE Band Load (0.0ms)[0m  [1m[34mSELECT  "bands".* FROM "bands" LIMIT $1[0m  [["LIMIT", 11]]
  ↳ /Users/macbook/.rbenv/versions/2.5.1/lib/ruby/gems/2.5.0/gems/activerecord-5.2.6/lib/active_record/log_subscriber.rb:98
  [1m[36mCACHE Band Load (0.0ms)[0m  [1m[34mSELECT  "bands".* FROM "bands" LIMIT $1[0m  [["LIMIT", 11]]
  ↳ /Users/macbook/.rbenv/versions/2.5.1/lib/ruby/gems/2.5.0/gems/activerecord-5.2.6/lib/active_record/log_subscriber.rb:98
  [1m[36mCACHE Band Load (0.0ms)[0m  [1m[34mSELECT  "bands".* FROM "bands" LIMIT $1[0m  [["LIMIT", 11]]
  ↳ /Users/macbook/.rbenv/versions/2.5.1/lib/ruby/gems/2.5.0/gems/activerecord-5.2.6/lib/active_record/log_subscriber.rb:98
  [1m[36mCACHE Band Load (0.0ms)[0m  [1m[34mSELECT  "bands".* FROM "bands" LIMIT $1[0m  [["LIMIT", 11]]
  ↳ /Users/macbook/.rbenv/versions/2.5.1/lib/ruby/gems/2.5.0/gems/activerecord-5.2.6/lib/active_record/log_subscriber.rb:98
